2015-09-14 15:46:20,627 - [INFO] - from play in pool-4-thread-3 
Listening for HTTP on /0:0:0:0:0:0:0:0:9000

2015-09-14 15:46:25,778 - [DEBUG] - from play in play-internal-execution-context-1 
Plugin [play.api.db.BoneCPPlugin] is disabled

2015-09-14 15:46:25,781 - [DEBUG] - from play in play-internal-execution-context-1 
Plugin [play.api.db.evolutions.EvolutionsPlugin] is disabled

2015-09-14 15:46:26,040 - [INFO] - from play in play-internal-execution-context-1 
mongodb [default] connected at 10.131.120.234:27017/admin_test

2015-09-14 15:46:26,205 - [INFO] - from play in play-internal-execution-context-1 
Application started (Dev)

2015-09-14 16:02:31,245 - [DEBUG] - from play in play-internal-execution-context-1 
Plugin [play.api.db.BoneCPPlugin] is disabled

2015-09-14 16:02:31,245 - [DEBUG] - from play in play-internal-execution-context-1 
Plugin [play.api.db.evolutions.EvolutionsPlugin] is disabled

2015-09-14 16:02:31,276 - [INFO] - from play in play-internal-execution-context-1 
mongodb [default] connected at 10.131.120.234:27017/admin_test

2015-09-14 16:02:31,292 - [INFO] - from play in play-internal-execution-context-1 
Application started (Dev)

2015-09-14 16:16:48,563 - [DEBUG] - from play in play-internal-execution-context-1 
Plugin [play.api.db.BoneCPPlugin] is disabled

2015-09-14 16:16:48,563 - [DEBUG] - from play in play-internal-execution-context-1 
Plugin [play.api.db.evolutions.EvolutionsPlugin] is disabled

2015-09-14 16:16:48,595 - [INFO] - from play in play-internal-execution-context-1 
mongodb [default] connected at 10.131.120.234:27017/admin_test

2015-09-14 16:16:48,610 - [INFO] - from play in play-internal-execution-context-1 
Application started (Dev)

2015-09-14 16:18:36,933 - [DEBUG] - from play in play-internal-execution-context-5 
Plugin [play.api.db.BoneCPPlugin] is disabled

2015-09-14 16:18:36,933 - [DEBUG] - from play in play-internal-execution-context-5 
Plugin [play.api.db.evolutions.EvolutionsPlugin] is disabled

2015-09-14 16:18:36,964 - [INFO] - from play in play-internal-execution-context-5 
mongodb [default] connected at 10.131.120.234:27017/admin_test

2015-09-14 16:18:36,980 - [INFO] - from play in play-internal-execution-context-5 
Application started (Dev)

2015-09-14 16:22:28,833 - [DEBUG] - from play in play-internal-execution-context-6 
Plugin [play.api.db.BoneCPPlugin] is disabled

2015-09-14 16:22:28,833 - [DEBUG] - from play in play-internal-execution-context-6 
Plugin [play.api.db.evolutions.EvolutionsPlugin] is disabled

2015-09-14 16:22:28,857 - [INFO] - from play in play-internal-execution-context-6 
mongodb [default] connected at 10.131.120.234:27017/admin_test

2015-09-14 16:22:28,876 - [INFO] - from play in play-internal-execution-context-6 
Application started (Dev)

2015-09-14 16:23:23,196 - [DEBUG] - from play in play-internal-execution-context-6 
Plugin [play.api.db.BoneCPPlugin] is disabled

2015-09-14 16:23:23,196 - [DEBUG] - from play in play-internal-execution-context-6 
Plugin [play.api.db.evolutions.EvolutionsPlugin] is disabled

2015-09-14 16:23:23,316 - [INFO] - from play in play-internal-execution-context-6 
mongodb [default] connected at 10.131.120.234:27017/admin_test

2015-09-14 16:23:23,326 - [INFO] - from play in play-internal-execution-context-6 
Application started (Dev)

2015-09-14 16:33:18,552 - [DEBUG] - from play in play-internal-execution-context-6 
Plugin [play.api.db.BoneCPPlugin] is disabled

2015-09-14 16:33:18,552 - [DEBUG] - from play in play-internal-execution-context-6 
Plugin [play.api.db.evolutions.EvolutionsPlugin] is disabled

2015-09-14 16:33:18,567 - [INFO] - from play in play-internal-execution-context-6 
mongodb [default] connected at 10.131.120.234:27017/admin_test

2015-09-14 16:33:18,583 - [INFO] - from play in play-internal-execution-context-6 
Application started (Dev)

2015-09-14 17:13:11,024 - [DEBUG] - from play in play-internal-execution-context-6 
Plugin [play.api.db.BoneCPPlugin] is disabled

2015-09-14 17:13:11,024 - [DEBUG] - from play in play-internal-execution-context-6 
Plugin [play.api.db.evolutions.EvolutionsPlugin] is disabled

2015-09-14 17:13:11,039 - [INFO] - from play in play-internal-execution-context-6 
mongodb [default] connected at 10.131.120.234:27017/admin_test

2015-09-14 17:13:11,055 - [INFO] - from play in play-internal-execution-context-6 
Application started (Dev)

2015-09-14 17:13:54,860 - [DEBUG] - from play in play-internal-execution-context-6 
Plugin [play.api.db.BoneCPPlugin] is disabled

2015-09-14 17:13:54,860 - [DEBUG] - from play in play-internal-execution-context-6 
Plugin [play.api.db.evolutions.EvolutionsPlugin] is disabled

2015-09-14 17:13:54,875 - [INFO] - from play in play-internal-execution-context-6 
mongodb [default] connected at 10.131.120.234:27017/admin_test

2015-09-14 17:13:54,891 - [INFO] - from play in play-internal-execution-context-6 
Application started (Dev)

